django__django-12308: [25]
django__django-12774: [10, 27]
pylint-dev__pylint-8898: [9]
astropy__astropy-13033: [3, 11, 26, 29, 38, 45, 47, 70]
astropy__astropy-14182: [8, 27, 31, 35, 38, 54, 56]
astropy__astropy-7606: [10, 19, 21, 28, 31, 34, 45]
django__django-11477: [21, 37, 44, 57, 59, 84]
django__django-12325: [3, 17, 22, 57, 66]
django__django-14122: [19, 30, 32, 46, 61, 107, 111]
django__django-14155: [6, 17, 28, 34, 40, 42, 46]
django__django-15098: [18, 20, 51, 56, 109]
django__django-15732: [19, 23, 33, 39, 45, 57, 62]
matplotlib__matplotlib-22871: [7, 19, 24, 27, 30, 32, 34, 41]
matplotlib__matplotlib-24149: [3, 16, 18, 30, 48, 54]
matplotlib__matplotlib-25287: [8, 19, 21, 24, 31, 37, 39, 41, 46, 48, 53]
psf__requests-5414: [3, 16, 35, 54, 56, 63, 67, 70]
sphinx-doc__sphinx-10435: [8, 15, 18, 26, 30, 34, 41, 50]
sympy__sympy-12489: [10, 76, 80, 82]
sympy__sympy-18199: [11, 19, 29, 31, 33, 35, 41, 48, 50, 56]
sympy__sympy-19040: [2, 43, 45, 67, 73, 81]